Valor da variável $tableName: FUNCIONARIOS

Valor da variável $tableName: FUNCIONARIOS

Valor da variável $tableName: FUNCIONARIOS

Valor da variável $tableName: FUNCIONARIOS

Valor da variável $tableName: FUNCIONARIOS

Valor da variável $tableName: FUNCIONARIOS

Valor da variável $tableName: FUNCIONARIOS

Valor da variável $tableName: FUNCIONARIOS

Valor da variável $tableName: FUNCIONARIOS

Valor da variável $tableName: FUNCIONARIOS

Valor da variável $tableName: FUNCIONARIOS

Valor da variável $tableName: FUNCIONARIOS

Valor da variável $tableName: FUNCIONARIOS

Valor da variável $tableName: FUNCIONARIOS

Valor da variável $tableName: FUNCIONARIOS

Valor da variável $tableName: FUNCIONARIOS

Valor da variável $tableName: FUNCIONARIOS

Valor da variável $tableName: FUNCIONARIOS

Valor da variável $tableName: FUNCIONARIOS

Valor da variável $tableName: FUNCIONARIOS

Valor da variável $tableName: FUNCIONARIOS

Valor da variável $tableName: FUNCIONARIOS

Valor da variável $tableName: FUNCIONARIOS

Valor da variável $tableName: FUNCIONARIOS

Valor da variável $tableName: FUNCIONARIOS

Valor da variável $tableName: noneS

Valor da variável $tableName: FUNCIONARIOS

Valor da variável $tableName: FUNCIONARIOS

Valor da variável $tableName: FUNCIONARIOS

Valor da variável $tableName: FUNCIONARIOS

Valor da variável $tableName: FUNCIONARIOS

Valor da variável $tableName: FUNCIONARIOS

Valor da variável $tableName: FUNCIONARIOS

Valor da variável $tableName: FUNCIONARIOS

Valor da variável $tableName: FUNCIONARIOS

Valor da variável $tableName: FUNCIONARIOS

Valor da variável $tableName: FUNCIONARIOS

Valor da variável $tableName: FUNCIONARIOS

Valor da variável $tableName: FUNCIONARIOS

Valor da variável $tableName: FUNCIONARIOS

Valor da variável $tableName: FUNCIONARIOS

Valor da variável $tableName: FUNCIONARIOS

Valor da variável $tableName: FUNCIONARIOS

Valor da variável $tableName: FUNCIONARIOS

Valor da variável $tableName: FUNCIONARIOS

Valor da variável $tableName: FUNCIONARIOS

Valor da variável $tableName: FUNCIONARIOS

Valor da variável $tableName: FUNCIONARIOS

Valor da variável $tableName: FUNCIONARIOS

Valor da variável $tableName: FUNCIONARIOS

Valor da variável $tableName: FUNCIONARIOS

Valor da variável $tableName: FUNCIONARIOS

Valor da variável $tableName: FUNCIONARIOS

Valor da variável $tableName: FUNCIONARIOS

Valor da variável $tableName: FUNCIONARIOS

Valor da variável $tableName: FUNCIONARIOS

Valor da variável $tableName: FUNCIONARIOS

Valor da variável $tableName: FUNCIONARIOS

Valor da variável $tableName: FUNCIONARIOS

Valor da variável $tableName: FUNCIONARIOS

Valor da variável $tableName: FUNCIONARIOS

Valor da variável $tableName: FUNCIONARIOS

Valor da variável $tableName: FUNCIONARIOS

Valor da variável $tableName: FUNCIONARIOS

Valor da variável $tableName: FUNCIONARIOS

Valor da variável $tableName: FUNCIONARIOS

Valor da variável $tableName: FUNCIONARIOS

Valor da variável $tableName: FUNCIONARIOS

Valor da variável $tableName: FUNCIONARIOS

Valor da variável $tableName: FUNCIONARIOS

Valor da variável $tableName: FUNCIONARIOS

[06-Dec-2024 13:23:47 America/Sao_Paulo] PHP Fatal error:  Uncaught ValueError: Path cannot be empty in C:\xampp\htdocs\perfil\index.php:54
Stack trace:
#0 C:\xampp\htdocs\perfil\index.php(54): fopen('', 'r')
#1 C:\xampp\htdocs\perfil\index.php(71): getAccounts(NULL)
#2 {main}
  thrown in C:\xampp\htdocs\perfil\index.php on line 54
[06-Dec-2024 13:24:59 America/Sao_Paulo] PHP Fatal error:  Uncaught DivisionByZeroError: Division by zero in C:\xampp\htdocs\perfil\main.php:1139
Stack trace:
#0 C:\xampp\htdocs\MasterPage.php(211): require_once()
#1 C:\xampp\htdocs\perfil\index.php(122): require_once('C:\\xampp\\htdocs...')
#2 {main}
  thrown in C:\xampp\htdocs\perfil\main.php on line 1139
Valor da variável $tableName: FUNCIONARIOS

Valor da variável $tableName: FUNCIONARIOS

Valor da variável $tableName: FUNCIONARIOS

Valor da variável $tableName: FUNCIONARIOS

Valor da variável $tableName: FUNCIONARIOS

Valor da variável $tableName: FUNCIONARIOS

Valor da variável $tableName: FUNCIONARIOS

Valor da variável $tableName: FUNCIONARIOS

Valor da variável $tableName: FUNCIONARIOS

Valor da variável $tableName: FUNCIONARIOS

Valor da variável $tableName: FUNCIONARIOS

Valor da variável $tableName: FUNCIONARIOS

Valor da variável $tableName: FUNCIONARIOS

Valor da variável $tableName: FUNCIONARIOS

Valor da variável $tableName: FUNCIONARIOS

[06-Dec-2024 13:48:56 America/Sao_Paulo] PHP Fatal error:  Uncaught DivisionByZeroError: Division by zero in C:\xampp\htdocs\perfil\main.php:1139
Stack trace:
#0 C:\xampp\htdocs\MasterPage.php(211): require_once()
#1 C:\xampp\htdocs\perfil\index.php(122): require_once('C:\\xampp\\htdocs...')
#2 {main}
  thrown in C:\xampp\htdocs\perfil\main.php on line 1139
[06-Dec-2024 13:49:52 America/Sao_Paulo] PHP Fatal error:  Uncaught DivisionByZeroError: Division by zero in C:\xampp\htdocs\perfil\main.php:1139
Stack trace:
#0 C:\xampp\htdocs\MasterPage.php(211): require_once()
#1 C:\xampp\htdocs\perfil\index.php(120): require_once('C:\\xampp\\htdocs...')
#2 {main}
  thrown in C:\xampp\htdocs\perfil\main.php on line 1139
[06-Dec-2024 13:51:07 America/Sao_Paulo] PHP Fatal error:  Uncaught DivisionByZeroError: Division by zero in C:\xampp\htdocs\perfil\main.php:1139
Stack trace:
#0 C:\xampp\htdocs\MasterPage.php(211): require_once()
#1 C:\xampp\htdocs\perfil\index.php(120): require_once('C:\\xampp\\htdocs...')
#2 {main}
  thrown in C:\xampp\htdocs\perfil\main.php on line 1139
[06-Dec-2024 13:51:55 America/Sao_Paulo] PHP Fatal error:  Uncaught DivisionByZeroError: Division by zero in C:\xampp\htdocs\perfil\main.php:1136
Stack trace:
#0 C:\xampp\htdocs\MasterPage.php(211): require_once()
#1 C:\xampp\htdocs\perfil\index.php(120): require_once('C:\\xampp\\htdocs...')
#2 {main}
  thrown in C:\xampp\htdocs\perfil\main.php on line 1136
[06-Dec-2024 13:59:01 America/Sao_Paulo] PHP Fatal error:  Uncaught DivisionByZeroError: Division by zero in C:\xampp\htdocs\perfil\main.php:1136
Stack trace:
#0 C:\xampp\htdocs\MasterPage.php(211): require_once()
#1 C:\xampp\htdocs\perfil\index.php(120): require_once('C:\\xampp\\htdocs...')
#2 {main}
  thrown in C:\xampp\htdocs\perfil\main.php on line 1136
[06-Dec-2024 13:59:59 America/Sao_Paulo] PHP Fatal error:  Uncaught DivisionByZeroError: Division by zero in C:\xampp\htdocs\perfil\main.php:1136
Stack trace:
#0 C:\xampp\htdocs\MasterPage.php(211): require_once()
#1 C:\xampp\htdocs\perfil\index.php(91): require_once('C:\\xampp\\htdocs...')
#2 {main}
  thrown in C:\xampp\htdocs\perfil\main.php on line 1136
[06-Dec-2024 14:02:34 America/Sao_Paulo] PHP Fatal error:  Uncaught DivisionByZeroError: Division by zero in C:\xampp\htdocs\perfil\main.php:1136
Stack trace:
#0 C:\xampp\htdocs\MasterPage.php(211): require_once()
#1 C:\xampp\htdocs\perfil\index.php(91): require_once('C:\\xampp\\htdocs...')
#2 {main}
  thrown in C:\xampp\htdocs\perfil\main.php on line 1136
[06-Dec-2024 14:03:22 America/Sao_Paulo] PHP Fatal error:  Uncaught DivisionByZeroError: Division by zero in C:\xampp\htdocs\perfil\main.php:1136
Stack trace:
#0 C:\xampp\htdocs\MasterPage.php(211): require_once()
#1 C:\xampp\htdocs\perfil\index.php(91): require_once('C:\\xampp\\htdocs...')
#2 {main}
  thrown in C:\xampp\htdocs\perfil\main.php on line 1136
[06-Dec-2024 14:08:00 America/Sao_Paulo] PHP Fatal error:  Uncaught DivisionByZeroError: Division by zero in C:\xampp\htdocs\perfil\main.php:1136
Stack trace:
#0 C:\xampp\htdocs\MasterPage.php(211): require_once()
#1 C:\xampp\htdocs\perfil\index.php(91): require_once('C:\\xampp\\htdocs...')
#2 {main}
  thrown in C:\xampp\htdocs\perfil\main.php on line 1136
[06-Dec-2024 14:10:11 America/Sao_Paulo] PHP Fatal error:  Uncaught DivisionByZeroError: Division by zero in C:\xampp\htdocs\perfil\main.php:1136
Stack trace:
#0 C:\xampp\htdocs\MasterPage.php(211): require_once()
#1 C:\xampp\htdocs\perfil\index.php(101): require_once('C:\\xampp\\htdocs...')
#2 {main}
  thrown in C:\xampp\htdocs\perfil\main.php on line 1136
[06-Dec-2024 14:12:03 America/Sao_Paulo] PHP Fatal error:  Uncaught DivisionByZeroError: Division by zero in C:\xampp\htdocs\perfil\main.php:1139
Stack trace:
#0 C:\xampp\htdocs\MasterPage.php(211): require_once()
#1 C:\xampp\htdocs\perfil\index.php(101): require_once('C:\\xampp\\htdocs...')
#2 {main}
  thrown in C:\xampp\htdocs\perfil\main.php on line 1139
[06-Dec-2024 14:13:24 America/Sao_Paulo] PHP Fatal error:  Uncaught DivisionByZeroError: Division by zero in C:\xampp\htdocs\perfil\main.php:1139
Stack trace:
#0 C:\xampp\htdocs\MasterPage.php(211): require_once()
#1 C:\xampp\htdocs\perfil\index.php(102): require_once('C:\\xampp\\htdocs...')
#2 {main}
  thrown in C:\xampp\htdocs\perfil\main.php on line 1139
[06-Dec-2024 14:15:00 America/Sao_Paulo] PHP Fatal error:  Uncaught DivisionByZeroError: Division by zero in C:\xampp\htdocs\perfil\main.php:1139
Stack trace:
#0 C:\xampp\htdocs\MasterPage.php(211): require_once()
#1 C:\xampp\htdocs\perfil\index.php(102): require_once('C:\\xampp\\htdocs...')
#2 {main}
  thrown in C:\xampp\htdocs\perfil\main.php on line 1139
