[Wed Dec 04 15:09:15.121065 2024] [ssl:warn] [pid 14600:tid 360] AH01909: www.example.com:443:0 server certificate does NOT include an ID which matches the server name
[Wed Dec 04 15:09:15.292861 2024] [ssl:warn] [pid 14600:tid 360] AH01909: www.example.com:443:0 server certificate does NOT include an ID which matches the server name
[Wed Dec 04 15:09:17.447695 2024] [mpm_winnt:notice] [pid 14600:tid 360] AH00455: Apache/2.4.58 (Win64) OpenSSL/3.1.3 PHP/8.2.12 configured -- resuming normal operations
[Wed Dec 04 15:09:17.447695 2024] [mpm_winnt:notice] [pid 14600:tid 360] AH00456: Apache Lounge VS17 Server built: Oct 18 2023 13:03:18
[Wed Dec 04 15:09:17.447695 2024] [core:notice] [pid 14600:tid 360] AH00094: Command line: 'C:\\xampp\\apache\\bin\\httpd.exe -d C:/xampp/apache'
[Wed Dec 04 15:09:17.471775 2024] [mpm_winnt:notice] [pid 14600:tid 360] AH00418: Parent: Created child process 15048
[Wed Dec 04 15:09:20.182657 2024] [ssl:warn] [pid 15048:tid 404] AH01909: www.example.com:443:0 server certificate does NOT include an ID which matches the server name
[Wed Dec 04 15:09:20.335146 2024] [ssl:warn] [pid 15048:tid 404] AH01909: www.example.com:443:0 server certificate does NOT include an ID which matches the server name
[Wed Dec 04 15:09:20.520329 2024] [mpm_winnt:notice] [pid 15048:tid 404] AH00354: Child: Starting 150 worker threads.
[Wed Dec 04 15:20:24.602292 2024] [ssl:warn] [pid 14664:tid 404] AH01909: homolog.clinabs.com.br:443:0 server certificate does NOT include an ID which matches the server name
[Wed Dec 04 15:20:24.723576 2024] [ssl:warn] [pid 14664:tid 404] AH01909: homolog.clinabs.com.br:443:0 server certificate does NOT include an ID which matches the server name
[Wed Dec 04 15:20:24.808423 2024] [mpm_winnt:notice] [pid 14664:tid 404] AH00455: Apache/2.4.58 (Win64) OpenSSL/3.1.3 PHP/8.2.12 configured -- resuming normal operations
[Wed Dec 04 15:20:24.808423 2024] [mpm_winnt:notice] [pid 14664:tid 404] AH00456: Apache Lounge VS17 Server built: Oct 18 2023 13:03:18
[Wed Dec 04 15:20:24.808423 2024] [core:notice] [pid 14664:tid 404] AH00094: Command line: 'c:\\xampp\\apache\\bin\\httpd.exe -d C:/xampp/apache'
[Wed Dec 04 15:20:24.830284 2024] [mpm_winnt:notice] [pid 14664:tid 404] AH00418: Parent: Created child process 2080
[Wed Dec 04 15:20:25.910102 2024] [ssl:warn] [pid 2080:tid 372] AH01909: homolog.clinabs.com.br:443:0 server certificate does NOT include an ID which matches the server name
[Wed Dec 04 15:20:26.011398 2024] [ssl:warn] [pid 2080:tid 372] AH01909: homolog.clinabs.com.br:443:0 server certificate does NOT include an ID which matches the server name
[Wed Dec 04 15:20:26.124130 2024] [mpm_winnt:notice] [pid 2080:tid 372] AH00354: Child: Starting 150 worker threads.
[Wed Dec 04 15:21:39.646273 2024] [ssl:warn] [pid 1576:tid 388] AH01909: homolog.clinabs.com.br:443:0 server certificate does NOT include an ID which matches the server name
[Wed Dec 04 15:21:39.769731 2024] [core:warn] [pid 1576:tid 388] AH00098: pid file C:/xampp/apache/logs/httpd.pid overwritten -- Unclean shutdown of previous Apache run?
[Wed Dec 04 15:21:39.774763 2024] [ssl:warn] [pid 1576:tid 388] AH01909: homolog.clinabs.com.br:443:0 server certificate does NOT include an ID which matches the server name
[Wed Dec 04 15:21:39.873565 2024] [mpm_winnt:notice] [pid 1576:tid 388] AH00455: Apache/2.4.58 (Win64) OpenSSL/3.1.3 PHP/8.2.12 configured -- resuming normal operations
[Wed Dec 04 15:21:39.873565 2024] [mpm_winnt:notice] [pid 1576:tid 388] AH00456: Apache Lounge VS17 Server built: Oct 18 2023 13:03:18
[Wed Dec 04 15:21:39.873565 2024] [core:notice] [pid 1576:tid 388] AH00094: Command line: 'c:\\xampp\\apache\\bin\\httpd.exe -d C:/xampp/apache'
[Wed Dec 04 15:21:39.884193 2024] [mpm_winnt:notice] [pid 1576:tid 388] AH00418: Parent: Created child process 8060
[Wed Dec 04 15:21:41.128065 2024] [ssl:warn] [pid 8060:tid 380] AH01909: homolog.clinabs.com.br:443:0 server certificate does NOT include an ID which matches the server name
[Wed Dec 04 15:21:41.281928 2024] [ssl:warn] [pid 8060:tid 380] AH01909: homolog.clinabs.com.br:443:0 server certificate does NOT include an ID which matches the server name
[Wed Dec 04 15:21:41.386351 2024] [mpm_winnt:notice] [pid 8060:tid 380] AH00354: Child: Starting 150 worker threads.
[Wed Dec 04 15:22:56.239269 2024] [ssl:warn] [pid 5736:tid 380] AH01909: homolog.clinabs.com.br:443:0 server certificate does NOT include an ID which matches the server name
[Wed Dec 04 15:22:56.369880 2024] [core:warn] [pid 5736:tid 380] AH00098: pid file C:/xampp/apache/logs/httpd.pid overwritten -- Unclean shutdown of previous Apache run?
[Wed Dec 04 15:22:56.381449 2024] [ssl:warn] [pid 5736:tid 380] AH01909: homolog.clinabs.com.br:443:0 server certificate does NOT include an ID which matches the server name
[Wed Dec 04 15:22:56.474782 2024] [mpm_winnt:notice] [pid 5736:tid 380] AH00455: Apache/2.4.58 (Win64) OpenSSL/3.1.3 PHP/8.2.12 configured -- resuming normal operations
[Wed Dec 04 15:22:56.474782 2024] [mpm_winnt:notice] [pid 5736:tid 380] AH00456: Apache Lounge VS17 Server built: Oct 18 2023 13:03:18
[Wed Dec 04 15:22:56.474782 2024] [core:notice] [pid 5736:tid 380] AH00094: Command line: 'c:\\xampp\\apache\\bin\\httpd.exe -d C:/xampp/apache'
[Wed Dec 04 15:22:56.489551 2024] [mpm_winnt:notice] [pid 5736:tid 380] AH00418: Parent: Created child process 8780
[Wed Dec 04 15:22:57.710016 2024] [ssl:warn] [pid 8780:tid 376] AH01909: homolog.clinabs.com.br:443:0 server certificate does NOT include an ID which matches the server name
[Wed Dec 04 15:22:57.838748 2024] [ssl:warn] [pid 8780:tid 376] AH01909: homolog.clinabs.com.br:443:0 server certificate does NOT include an ID which matches the server name
[Wed Dec 04 15:22:57.964108 2024] [mpm_winnt:notice] [pid 8780:tid 376] AH00354: Child: Starting 150 worker threads.
[Wed Dec 04 15:24:32.678658 2024] [ssl:warn] [pid 1792:tid 400] AH01909: homolog.clinabs.com.br:443:0 server certificate does NOT include an ID which matches the server name
[Wed Dec 04 15:24:33.146610 2024] [core:warn] [pid 1792:tid 400] AH00098: pid file C:/xampp/apache/logs/httpd.pid overwritten -- Unclean shutdown of previous Apache run?
[Wed Dec 04 15:24:33.161439 2024] [ssl:warn] [pid 1792:tid 400] AH01909: homolog.clinabs.com.br:443:0 server certificate does NOT include an ID which matches the server name
[Wed Dec 04 15:24:33.306640 2024] [mpm_winnt:notice] [pid 1792:tid 400] AH00455: Apache/2.4.58 (Win64) OpenSSL/3.1.3 PHP/8.2.12 configured -- resuming normal operations
[Wed Dec 04 15:24:33.306640 2024] [mpm_winnt:notice] [pid 1792:tid 400] AH00456: Apache Lounge VS17 Server built: Oct 18 2023 13:03:18
[Wed Dec 04 15:24:33.306640 2024] [core:notice] [pid 1792:tid 400] AH00094: Command line: 'c:\\xampp\\apache\\bin\\httpd.exe -d C:/xampp/apache'
[Wed Dec 04 15:24:33.316224 2024] [mpm_winnt:notice] [pid 1792:tid 400] AH00418: Parent: Created child process 3628
[Wed Dec 04 15:24:34.307100 2024] [ssl:warn] [pid 3628:tid 388] AH01909: homolog.clinabs.com.br:443:0 server certificate does NOT include an ID which matches the server name
[Wed Dec 04 15:24:34.443568 2024] [ssl:warn] [pid 3628:tid 388] AH01909: homolog.clinabs.com.br:443:0 server certificate does NOT include an ID which matches the server name
[Wed Dec 04 15:24:34.538673 2024] [mpm_winnt:notice] [pid 3628:tid 388] AH00354: Child: Starting 150 worker threads.
[Wed Dec 04 15:32:13.680482 2024] [core:warn] [pid 4532:tid 360] AH00098: pid file C:/xampp/apache/logs/httpd.pid overwritten -- Unclean shutdown of previous Apache run?
[Wed Dec 04 15:32:13.766660 2024] [mpm_winnt:notice] [pid 4532:tid 360] AH00455: Apache/2.4.58 (Win64) OpenSSL/3.1.3 PHP/8.2.12 configured -- resuming normal operations
[Wed Dec 04 15:32:13.766660 2024] [mpm_winnt:notice] [pid 4532:tid 360] AH00456: Apache Lounge VS17 Server built: Oct 18 2023 13:03:18
[Wed Dec 04 15:32:13.766660 2024] [core:notice] [pid 4532:tid 360] AH00094: Command line: 'c:\\xampp\\apache\\bin\\httpd.exe -d C:/xampp/apache'
[Wed Dec 04 15:32:13.784578 2024] [mpm_winnt:notice] [pid 4532:tid 360] AH00418: Parent: Created child process 11160
[Wed Dec 04 15:32:14.788849 2024] [mpm_winnt:notice] [pid 11160:tid 356] AH00354: Child: Starting 150 worker threads.
